<?xml version='1.0' encoding='UTF-8'?>
<testsuite hostname="FabianLaptop" name="SampleTests" tests="26" errors="0" failures="0" skipped="0" time="0.014" timestamp="2020-11-07T11:24:37">
                     <properties>
      <property name="java.specification.version" value="14"/><property name="sun.cpu.isalist" value="amd64"/><property name="sun.jnu.encoding" value="Cp1252"/><property name="sun.arch.data.model" value="64"/><property name="java.vendor.url" value="https://java.oracle.com/"/><property name="user.country.format" value="SE"/><property name="sun.boot.library.path" value="C:\Program Files\Java\jdk-14.0.2\bin"/><property name="sun.java.command" value="xsbt.boot.Boot"/><property name="jdk.debug" value="release"/><property name="sun.stderr.encoding" value="cp850"/><property name="java.specification.vendor" value="Oracle Corporation"/><property name="java.version.date" value="2020-07-14"/><property name="java.home" value="C:\Program Files\Java\jdk-14.0.2"/><property name="file.separator" value="\"/><property name="java.vm.compressedOopsMode" value="32-bit"/><property name="line.separator" value="
"/><property name="sun.stdout.encoding" value="cp850"/><property name="java.vm.specification.vendor" value="Oracle Corporation"/><property name="java.specification.name" value="Java Platform API Specification"/><property name="user.script" value=""/><property name="sun.management.compiler" value="HotSpot 64-Bit Tiered Compilers"/><property name="java.runtime.version" value="14.0.2+12-46"/><property name="user.name" value="Fabian2"/><property name="log4j.ignoreTCL" value="true"/><property name="file.encoding" value="UTF-8"/><property name="jnidispatch.path" value="C:\Users\Fabian\AppData\Local\Temp\jna-571505667\jna14357172139529580704.dll"/><property name="jna.loaded" value="true"/><property name="java.io.tmpdir" value="C:\Users\Fabian\AppData\Local\Temp\"/><property name="java.version" value="14.0.2"/><property name="java.vm.specification.name" value="Java Virtual Machine Specification"/><property name="sun.os.patch.level" value=""/><property name="java.library.path" value="C:\Program Files\Java\jdk-14.0.2\bin;C:\WINDOWS\Sun\Java\bin;C:\WINDOWS\system32;C:\WINDOWS;C:\Program Files\Java\jdk-14.0.2\bin;C:\Users\Fabian\Anaconda3\condabin;C:\Program Files (x86)\Common Files\Oracle\Java\javapath;C:\Windows\system32;C:\Windows;C:\Windows\System32\Wbem;C:\Windows\System32\WindowsPowerShell\v1.0\;C:\Windows\System32\OpenSSH\;C:\Program Files (x86)\NVIDIA Corporation\PhysX\Common;&quot;C:\Program Files\Java\jdk1.7.0_72\bin;&quot;;C:\Program Files\Git\cmd;C:\Program Files\dotnet\;C:\Windows\Microsoft.NET\Framework\v4.0.30319;C:\Program Files\Microsoft SQL Server\130\Tools\Binn\;C:\Program Files\Microsoft SQL Server\Client SDK\ODBC\170\Tools\Binn\;C:\Program Files (x86)\Microsoft SQL Server\150\DTS\Binn\;C:\Program Files (x86)\Microsoft SQL Server\150\Tools\Binn\;C:\Program Files\Microsoft SQL Server\150\Tools\Binn\;C:\Program Files\Microsoft SQL Server\150\DTS\Binn\;C:\Program Files (x86)\Microsoft SQL Server\140\Tools\Binn\;C:\Program Files\Microsoft SQL Server\140\Tools\Binn\;C:\Program Files (x86)\Microsoft SQL Server\140\DTS\Binn\;C:\Program Files\Microsoft SQL Server\140\DTS\Binn\;C:\Program Files\Microsoft SQL Server\Client SDK\ODBC\130\Tools\Binn\;C:\Program Files (x86)\Graphviz2.38\bin\;C:\Program Files\Git LFS;C:\Program Files\Java\jdk-14\bin;C:\Users\Fabian\AppData\Local\Programs\Python\Python38;C:\Users\Fabian\AppData\Local\Programs\Python\Python38\Scripts&quot;;C:\Users\Fabian\Anaconda3\;C:\Users\Fabian\Anaconda3\Scripts\&quot;;C:\Program Files (x86)\sbt\bin;C:\Program Files\Java\jdk-14.0.2\bin;C:\Program Files\Java\jre1.8.0_261\bin;;%SystemRoot%\system32;%SystemRoot%;%SystemRoot%\System32\Wbem;%SYSTEMROOT%\System32\WindowsPowerShell\v1.0\;%SYSTEMROOT%\System32\OpenSSH\;C:\Users\Fabian\AppData\Local\Microsoft\WindowsApps;C:\Users\Fabian\AppData\Local\Programs\Microsoft VS Code\bin;C:\Users\Fabian\AppData\Local\GitHubDesktop\bin;C:\Users\Fabian\.dotnet\tools;%USERPROFILE%\AppData\Local\Microsoft\WindowsApps;;."/><property name="java.vendor" value="Oracle Corporation"/><property name="scala.ext.dirs" value="C:\Users\Fabian\.sbt\0.13\java9-rt-ext-oracle_corporation_14_0_2"/><property name="sun.io.unicode.encoding" value="UnicodeLittle"/><property name="java.class.path" value="C:\Program Files (x86)\sbt\\bin\sbt-launch.jar"/><property name="java.vm.vendor" value="Oracle Corporation"/><property name="user.variant" value=""/><property name="jline.shutdownhook" value="false"/><property name="user.timezone" value="Europe/Stockholm"/><property name="java.vm.specification.version" value="14"/><property name="os.name" value="Windows 10"/><property name="sun.java.launcher" value="SUN_STANDARD"/><property name="user.country" value="US"/><property name="sun.cpu.endian" value="little"/><property name="user.home" value="C:\Users\Fabian"/><property name="user.language" value="en"/><property name="swoval.tmpdir" value="C:\Users\Fabian\.sbt\1.0"/><property name="jline.esc.timeout" value="0"/><property name="path.separator" value=";"/><property name="os.version" value="10.0"/><property name="jna.nosys" value="true"/><property name="java.runtime.name" value="Java(TM) SE Runtime Environment"/><property name="java.vm.name" value="Java HotSpot(TM) 64-Bit Server VM"/><property name="java.vendor.url.bug" value="https://bugreport.java.com/bugreport/"/><property name="user.dir" value="C:\Users\Fabian\Studier\DSCMA\AdvancedProgramming_IT732A\linalg"/><property name="os.arch" value="amd64"/><property name="java.vm.info" value="mixed mode, sharing"/><property name="java.vm.version" value="14.0.2+12-46"/><property name="java.class.version" value="58.0"/>
    </properties>
                     <testcase classname="SampleTests" name="v3(0) should be equal to 1" time="0.011">
                                                 
                                               </testcase><testcase classname="SampleTests" name="v3(2) should be equal to 3" time="0.0">
                                                 
                                               </testcase><testcase classname="SampleTests" name="v3(1 to 2) should be equal to Vec(2, 3)" time="0.0">
                                                 
                                               </testcase><testcase classname="SampleTests" name="m3(1, 0) should be equal to v2" time="0.0">
                                                 
                                               </testcase><testcase classname="SampleTests" name="m3(2, 1) should be equal to Vec(1, 2, 3)" time="0.0">
                                                 
                                               </testcase><testcase classname="SampleTests" name="m3(0 to 1, 0) should be equal to Mat(v1, v2)" time="0.001">
                                                 
                                               </testcase><testcase classname="SampleTests" name="m3(1 to 2, 1) should be equal to Mat([1, 1], [2, 2], [2, 3])" time="0.0">
                                                 
                                               </testcase><testcase classname="SampleTests" name="v1 + 1 should be equal to Vec(2, 2, 2)" time="0.0">
                                                 
                                               </testcase><testcase classname="SampleTests" name="1 + v1 should be equal to Vec(2, 2, 2)" time="0.001">
                                                 
                                               </testcase><testcase classname="SampleTests" name="v1 + v1 should be equal to Vec(2, 2, 2)" time="0.0">
                                                 
                                               </testcase><testcase classname="SampleTests" name="v1 + v2 should be equal to Vec(3, 3, 3)" time="0.0">
                                                 
                                               </testcase><testcase classname="SampleTests" name="v1 + m1 should be equal to m2" time="0.0">
                                                 
                                               </testcase><testcase classname="SampleTests" name="m1 + v1 should be equal to m2" time="0.0">
                                                 
                                               </testcase><testcase classname="SampleTests" name="m1 + m1 should be equal to m2" time="0.0">
                                                 
                                               </testcase><testcase classname="SampleTests" name="v2 * 2 should be equal to Vec(4, 4, 4)" time="0.0">
                                                 
                                               </testcase><testcase classname="SampleTests" name="2 * v2 should be equal to Vec(4, 4, 4)" time="0.0">
                                                 
                                               </testcase><testcase classname="SampleTests" name="v2 * v2 should be equal to v4" time="0.0">
                                                 
                                               </testcase><testcase classname="SampleTests" name="v2 * m2 should be equal to m4" time="0.0">
                                                 
                                               </testcase><testcase classname="SampleTests" name="m2 * m2 should be equal to m4" time="0.001">
                                                 
                                               </testcase><testcase classname="SampleTests" name="v1 - v1 should be equal to Vec(0, 0, 0)" time="0.0">
                                                 
                                               </testcase><testcase classname="SampleTests" name="v2 - v1 should be equal to Vec(1, 1, 1)" time="0.0">
                                                 
                                               </testcase><testcase classname="SampleTests" name="v1 - v2 should be equal to Vec(-1, -1, -1)" time="0.0">
                                                 
                                               </testcase><testcase classname="SampleTests" name="v2 / v1 should be equal to Vec(2, 2, 2)" time="0.0">
                                                 
                                               </testcase><testcase classname="SampleTests" name="v1 / v2 should be equal to Vec(.5, .5, .5)" time="0.0">
                                                 
                                               </testcase><testcase classname="SampleTests" name="v1 dot v1 should be equal to 3" time="0.0">
                                                 
                                               </testcase><testcase classname="SampleTests" name="v2 dot v3 should be equal to 12" time="0.0">
                                                 
                                               </testcase>
                     <system-out><![CDATA[]]></system-out>
                     <system-err><![CDATA[]]></system-err>
                   </testsuite>